# JRE version: OpenJDK Runtime Environment (8.0_152-b01) (build 1.8.0_152-release-915-b01)
# Java VM: OpenJDK 64-Bit Server VM (25.152-b01 mixed mode windows-amd64 compressed oops)
Heap:
 PSYoungGen      total 483328K, used 191007K [0x00000000e0000000, 0x00000000ffe00000, 0x0000000100000000)
  eden space 445952K, 41% used [0x00000000e0000000,0x00000000eb6d86f8,0x00000000fb380000)
  from space 37376K, 10% used [0x00000000fb380000,0x00000000fb72f610,0x00000000fd800000)
  to   space 36352K, 0% used [0x00000000fda80000,0x00000000fda80000,0x00000000ffe00000)
 ParOldGen       total 148992K, used 109233K [0x00000000a0000000, 0x00000000a9180000, 0x00000000e0000000)
  object space 148992K, 73% used [0x00000000a0000000,0x00000000a6aac438,0x00000000a9180000)
 Metaspace       used 95441K, capacity 100738K, committed 100864K, reserved 1136640K
  class space    used 12049K, capacity 13225K, committed 13312K, reserved 1048576K
GC Heap History (10 events):
Event: 1415.793 GC heap before
{Heap before GC invocations=35 (full 4):
 PSYoungGen      total 422912K, used 390550K [0x00000000e0000000, 0x00000000fc780000, 0x0000000100000000)
  eden space 383488K, 100% used [0x00000000e0000000,0x00000000f7680000,0x00000000f7680000)
  from space 39424K, 17% used [0x00000000fa100000,0x00000000fa7e5940,0x00000000fc780000)
  to   space 41472K, 0% used [0x00000000f7680000,0x00000000f7680000,0x00000000f9f00000)
 ParOldGen       total 148992K, used 95346K [0x00000000a0000000, 0x00000000a9180000, 0x00000000e0000000)
  object space 148992K, 63% used [0x00000000a0000000,0x00000000a5d1ca30,0x00000000a9180000)
 Metaspace       used 92060K, capacity 96344K, committed 96640K, reserved 1132544K
  class space    used 11609K, capacity 12560K, committed 12672K, reserved 1048576K
Event: 1415.822 GC heap after
Heap after GC invocations=35 (full 4):
 PSYoungGen      total 424960K, used 10091K [0x00000000e0000000, 0x00000000fff00000, 0x0000000100000000)
  eden space 383488K, 0% used [0x00000000e0000000,0x00000000e0000000,0x00000000f7680000)
  from space 41472K, 24% used [0x00000000f7680000,0x00000000f805ad78,0x00000000f9f00000)
  to   space 39936K, 0% used [0x00000000fd800000,0x00000000fd800000,0x00000000fff00000)
 ParOldGen       total 148992K, used 100262K [0x00000000a0000000, 0x00000000a9180000, 0x00000000e0000000)
  object space 148992K, 67% used [0x00000000a0000000,0x00000000a61e9a40,0x00000000a9180000)
 Metaspace       used 92060K, capacity 96344K, committed 96640K, reserved 1132544K
  class space    used 11609K, capacity 12560K, committed 12672K, reserved 1048576K
}
Event: 1415.950 GC heap before
{Heap before GC invocations=36 (full 4):
 PSYoungGen      total 424960K, used 393411K [0x00000000e0000000, 0x00000000fff00000, 0x0000000100000000)
  eden space 383488K, 99% used [0x00000000e0000000,0x00000000f7655f58,0x00000000f7680000)
  from space 41472K, 24% used [0x00000000f7680000,0x00000000f805ad78,0x00000000f9f00000)
  to   space 39936K, 0% used [0x00000000fd800000,0x00000000fd800000,0x00000000fff00000)
 ParOldGen       total 148992K, used 100262K [0x00000000a0000000, 0x00000000a9180000, 0x00000000e0000000)
  object space 148992K, 67% used [0x00000000a0000000,0x00000000a61e9a40,0x00000000a9180000)
 Metaspace       used 92132K, capacity 96466K, committed 96640K, reserved 1132544K
  class space    used 11619K, capacity 12599K, committed 12672K, reserved 1048576K
Event: 1415.958 GC heap after
Heap after GC invocations=36 (full 4):
 PSYoungGen      total 482304K, used 578K [0x00000000e0000000, 0x00000000ffe80000, 0x0000000100000000)
  eden space 442880K, 0% used [0x00000000e0000000,0x00000000e0000000,0x00000000fb080000)
  from space 39424K, 1% used [0x00000000fd800000,0x00000000fd8909a0,0x00000000ffe80000)
  to   space 39936K, 0% used [0x00000000fb080000,0x00000000fb080000,0x00000000fd780000)
 ParOldGen       total 148992K, used 103607K [0x00000000a0000000, 0x00000000a9180000, 0x00000000e0000000)
  object space 148992K, 69% used [0x00000000a0000000,0x00000000a652dec0,0x00000000a9180000)
 Metaspace       used 92132K, capacity 96466K, committed 96640K, reserved 1132544K
  class space    used 11619K, capacity 12599K, committed 12672K, reserved 1048576K
}
Event: 1452.262 GC heap before
{Heap before GC invocations=37 (full 4):
 PSYoungGen      total 482304K, used 443458K [0x00000000e0000000, 0x00000000ffe80000, 0x0000000100000000)
  eden space 442880K, 100% used [0x00000000e0000000,0x00000000fb080000,0x00000000fb080000)
  from space 39424K, 1% used [0x00000000fd800000,0x00000000fd8909a0,0x00000000ffe80000)
  to   space 39936K, 0% used [0x00000000fb080000,0x00000000fb080000,0x00000000fd780000)
 ParOldGen       total 148992K, used 103607K [0x00000000a0000000, 0x00000000a9180000, 0x00000000e0000000)
  object space 148992K, 69% used [0x00000000a0000000,0x00000000a652dec0,0x00000000a9180000)
 Metaspace       used 93524K, capacity 98268K, committed 98432K, reserved 1134592K
  class space    used 11803K, capacity 12862K, committed 12928K, reserved 1048576K
Event: 1452.279 GC heap after
Heap after GC invocations=37 (full 4):
 PSYoungGen      total 482816K, used 6575K [0x00000000e0000000, 0x00000000ffd80000, 0x0000000100000000)
  eden space 442880K, 0% used [0x00000000e0000000,0x00000000e0000000,0x00000000fb080000)
  from space 39936K, 16% used [0x00000000fb080000,0x00000000fb6ebce8,0x00000000fd780000)
  to   space 38400K, 0% used [0x00000000fd800000,0x00000000fd800000,0x00000000ffd80000)
 ParOldGen       total 148992K, used 103904K [0x00000000a0000000, 0x00000000a9180000, 0x00000000e0000000)
  object space 148992K, 69% used [0x00000000a0000000,0x00000000a6578390,0x00000000a9180000)
 Metaspace       used 93524K, capacity 98268K, committed 98432K, reserved 1134592K
  class space    used 11803K, capacity 12862K, committed 12928K, reserved 1048576K
}
Event: 1459.328 GC heap before
{Heap before GC invocations=38 (full 4):
 PSYoungGen      total 482816K, used 449211K [0x00000000e0000000, 0x00000000ffd80000, 0x0000000100000000)
  eden space 442880K, 99% used [0x00000000e0000000,0x00000000fb043110,0x00000000fb080000)
  from space 39936K, 16% used [0x00000000fb080000,0x00000000fb6ebce8,0x00000000fd780000)
  to   space 38400K, 0% used [0x00000000fd800000,0x00000000fd800000,0x00000000ffd80000)
 ParOldGen       total 148992K, used 103904K [0x00000000a0000000, 0x00000000a9180000, 0x00000000e0000000)
  object space 148992K, 69% used [0x00000000a0000000,0x00000000a6578390,0x00000000a9180000)
 Metaspace       used 93795K, capacity 98546K, committed 98688K, reserved 1134592K
  class space    used 11820K, capacity 12907K, committed 12928K, reserved 1048576K
Event: 1459.342 GC heap after
Heap after GC invocations=38 (full 4):
 PSYoungGen      total 483328K, used 5263K [0x00000000e0000000, 0x00000000ffc80000, 0x0000000100000000)
  eden space 445952K, 0% used [0x00000000e0000000,0x00000000e0000000,0x00000000fb380000)
  from space 37376K, 14% used [0x00000000fd800000,0x00000000fdd23d50,0x00000000ffc80000)
  to   space 37376K, 0% used [0x00000000fb380000,0x00000000fb380000,0x00000000fd800000)
 ParOldGen       total 148992K, used 108256K [0x00000000a0000000, 0x00000000a9180000, 0x00000000e0000000)
  object space 148992K, 72% used [0x00000000a0000000,0x00000000a69b8358,0x00000000a9180000)
 Metaspace       used 93795K, capacity 98546K, committed 98688K, reserved 1134592K
  class space    used 11820K, capacity 12907K, committed 12928K, reserved 1048576K
}
Event: 4004.619 GC heap before
{Heap before GC invocations=39 (full 4):
 PSYoungGen      total 483328K, used 451215K [0x00000000e0000000, 0x00000000ffc80000, 0x0000000100000000)
  eden space 445952K, 100% used [0x00000000e0000000,0x00000000fb380000,0x00000000fb380000)
  from space 37376K, 14% used [0x00000000fd800000,0x00000000fdd23d50,0x00000000ffc80000)
  to   space 37376K, 0% used [0x00000000fb380000,0x00000000fb380000,0x00000000fd800000)
 ParOldGen       total 148992K, used 108256K [0x00000000a0000000, 0x00000000a9180000, 0x00000000e0000000)
  object space 148992K, 72% used [0x00000000a0000000,0x00000000a69b8358,0x00000000a9180000)
 Metaspace       used 94944K, capacity 99966K, committed 100224K, reserved 1136640K
  class space    used 11986K, capacity 13119K, committed 13184K, reserved 1048576K
Event: 4004.810 GC heap after
Heap after GC invocations=39 (full 4):
 PSYoungGen      total 483328K, used 3773K [0x00000000e0000000, 0x00000000ffe00000, 0x0000000100000000)
  eden space 445952K, 0% used [0x00000000e0000000,0x00000000e0000000,0x00000000fb380000)
  from space 37376K, 10% used [0x00000000fb380000,0x00000000fb72f610,0x00000000fd800000)
  to   space 36352K, 0% used [0x00000000fda80000,0x00000000fda80000,0x00000000ffe00000)
 ParOldGen       total 148992K, used 109233K [0x00000000a0000000, 0x00000000a9180000, 0x00000000e0000000)
  object space 148992K, 73% used [0x00000000a0000000,0x00000000a6aac438,0x00000000a9180000)
 Metaspace       used 94944K, capacity 99966K, committed 100224K, reserved 1136640K
  class space    used 11986K, capacity 13119K, committed 13184K, reserved 1048576K
}

